<?xml version="1.0" encoding="UTF-8"?>
<!-- Generated by org.testng.reporters.JUnitXMLReporter -->
<testsuite hostname="ASDA0024" name="Default test" tests="6" failures="0" timestamp="19 Jun 2018 13:51:19 GMT" time="5.64" errors="0">
  <testcase name="clickBasicCourse" time="0.183" classname="com.qait.automation.Tatocwithts.TatocAutomation"/>
  <testcase name="greenBox" time="0.173" classname="com.qait.automation.Tatocwithts.TatocAutomation"/>
  <testcase name="frameDungeon" time="4.444" classname="com.qait.automation.Tatocwithts.TatocAutomation"/>
  <testcase name="dragAndDrop" time="0.239" classname="com.qait.automation.Tatocwithts.TatocAutomation"/>
  <testcase name="popupWindows" time="0.372" classname="com.qait.automation.Tatocwithts.TatocAutomation"/>
  <testcase name="tokenGeneration" time="0.209" classname="com.qait.automation.Tatocwithts.TatocAutomation"/>
</testsuite> <!-- Default test -->
