<?xml version="1.0" encoding="UTF-8"?>
<!-- Generated by org.testng.reporters.JUnitXMLReporter -->
<testsuite hostname="ASDA0024" name="Default test" tests="6" failures="0" timestamp="21 Jun 2018 09:53:02 GMT" time="2.808" errors="0">
  <testcase name="clickBasicCourse" time="0.205" classname="com.qait.automation.Tatocwithts.TatocAutomation"/>
  <testcase name="greenBox" time="0.195" classname="com.qait.automation.Tatocwithts.TatocAutomation"/>
  <testcase name="frameDungeon" time="1.518" classname="com.qait.automation.Tatocwithts.TatocAutomation"/>
  <testcase name="dragAndDrop" time="0.248" classname="com.qait.automation.Tatocwithts.TatocAutomation"/>
  <testcase name="popupWindows" time="0.414" classname="com.qait.automation.Tatocwithts.TatocAutomation"/>
  <testcase name="tokenGeneration" time="0.209" classname="com.qait.automation.Tatocwithts.TatocAutomation"/>
</testsuite> <!-- Default test -->
