<?xml version="1.0" encoding="UTF-8"?>
<testng-results skipped="0" failed="0" total="6" passed="6">
  <reporter-output>
  </reporter-output>
  <suite name="Default suite" duration-ms="2808" started-at="2018-06-21T09:52:59Z" finished-at="2018-06-21T09:53:02Z">
    <groups>
    </groups>
    <test name="Default test" duration-ms="2808" started-at="2018-06-21T09:52:59Z" finished-at="2018-06-21T09:53:02Z">
      <class name="com.qait.automation.Tatocwithts.TatocAutomation">
        <test-method status="PASS" signature="clickBasicCourse()[pri:0, instance:com.qait.automation.Tatocwithts.TatocAutomation@747edf66]" name="clickBasicCourse" duration-ms="205" started-at="2018-06-21T15:22:59Z" finished-at="2018-06-21T15:22:59Z">
          <reporter-output>
          </reporter-output>
        </test-method> <!-- clickBasicCourse -->
        <test-method status="PASS" signature="greenBox()[pri:0, instance:com.qait.automation.Tatocwithts.TatocAutomation@747edf66]" name="greenBox" duration-ms="195" started-at="2018-06-21T15:22:59Z" depends-on-methods="com.qait.automation.Tatocwithts.TatocAutomation.clickBasicCourse" finished-at="2018-06-21T15:22:59Z">
          <reporter-output>
          </reporter-output>
        </test-method> <!-- greenBox -->
        <test-method status="PASS" signature="frameDungeon()[pri:0, instance:com.qait.automation.Tatocwithts.TatocAutomation@747edf66]" name="frameDungeon" duration-ms="1518" started-at="2018-06-21T15:22:59Z" depends-on-methods="com.qait.automation.Tatocwithts.TatocAutomation.greenBox" finished-at="2018-06-21T15:23:01Z">
          <reporter-output>
          </reporter-output>
        </test-method> <!-- frameDungeon -->
        <test-method status="PASS" signature="dragAndDrop()[pri:0, instance:com.qait.automation.Tatocwithts.TatocAutomation@747edf66]" name="dragAndDrop" duration-ms="248" started-at="2018-06-21T15:23:01Z" depends-on-methods="com.qait.automation.Tatocwithts.TatocAutomation.frameDungeon" finished-at="2018-06-21T15:23:01Z">
          <reporter-output>
          </reporter-output>
        </test-method> <!-- dragAndDrop -->
        <test-method status="PASS" signature="popupWindows()[pri:0, instance:com.qait.automation.Tatocwithts.TatocAutomation@747edf66]" name="popupWindows" duration-ms="414" started-at="2018-06-21T15:23:01Z" depends-on-methods="com.qait.automation.Tatocwithts.TatocAutomation.dragAndDrop" finished-at="2018-06-21T15:23:01Z">
          <reporter-output>
          </reporter-output>
        </test-method> <!-- popupWindows -->
        <test-method status="PASS" signature="tokenGeneration()[pri:0, instance:com.qait.automation.Tatocwithts.TatocAutomation@747edf66]" name="tokenGeneration" duration-ms="209" started-at="2018-06-21T15:23:01Z" depends-on-methods="com.qait.automation.Tatocwithts.TatocAutomation.popupWindows" finished-at="2018-06-21T15:23:02Z">
          <reporter-output>
          </reporter-output>
        </test-method> <!-- tokenGeneration -->
      </class> <!-- com.qait.automation.Tatocwithts.TatocAutomation -->
    </test> <!-- Default test -->
  </suite> <!-- Default suite -->
</testng-results>
